Build started 9/23/2014 1:41:13 PM.
     1>Project "C:\Users\Paula\Documents\PENN\CIS565_GPU\Project2-StreamCompaction\Project-2\Project-2\Project-2.vcxproj" on node 2 (build target(s)).
     1>InitializeBuildStatus:
         Creating "Debug\Project-2.unsuccessfulbuild" because "AlwaysCreate" was specified.
       AddCudaCompileDeps:
         c:\Program Files (x86)\Microsoft Visual Studio 10.0\VC\bin\cl.exe /E /nologo /showIncludes /TP /D__CUDACC__ /D_MBCS /I"C:\Program Files\NVIDIA GPU Computing Toolkit\CUDA\v6.5\include" /Icudart.lib /I"C:\Program Files\NVIDIA GPU Computing Toolkit\CUDA\v6.5\bin" /I"C:\Program Files\NVIDIA GPU Computing Toolkit\CUDA\v6.5\include" /I. /FIcuda_runtime.h /c C:\Users\Paula\Documents\PENN\CIS565_GPU\Project2-StreamCompaction\Project-2\Project-2\prefix_sum.cu 
       CudaBuild:
         Compiling CUDA source file prefix_sum.cu...
         cmd.exe /C "C:\Users\Paula\AppData\Local\Temp\tmp7f2695499a0a4fa3bd8da01596f0befd.cmd"
         "C:\Program Files\NVIDIA GPU Computing Toolkit\CUDA\v6.5\bin\nvcc.exe" -gencode=arch=compute_20,code=\"sm_20,compute_20\" --use-local-env --cl-version 2010 -ccbin "c:\Program Files (x86)\Microsoft Visual Studio 10.0\VC\bin"  -I"C:\Program Files\NVIDIA GPU Computing Toolkit\CUDA\v6.5\include" -Icudart.lib -I"C:\Program Files\NVIDIA GPU Computing Toolkit\CUDA\v6.5\include"  -G   --keep-dir Debug -maxrregcount=0  --machine 32 --compile -cudart static  -g   -D_MBCS -Xcompiler "/EHsc /W3 /nologo /Od /Zi /RTC1 /MDd  " -o Debug\prefix_sum.cu.obj "C:\Users\Paula\Documents\PENN\CIS565_GPU\Project2-StreamCompaction\Project-2\Project-2\prefix_sum.cu"
         
         C:\Users\Paula\Documents\PENN\CIS565_GPU\Project2-StreamCompaction\Project-2\Project-2>"C:\Program Files\NVIDIA GPU Computing Toolkit\CUDA\v6.5\bin\nvcc.exe" -gencode=arch=compute_20,code=\"sm_20,compute_20\" --use-local-env --cl-version 2010 -ccbin "c:\Program Files (x86)\Microsoft Visual Studio 10.0\VC\bin"  -I"C:\Program Files\NVIDIA GPU Computing Toolkit\CUDA\v6.5\include" -Icudart.lib -I"C:\Program Files\NVIDIA GPU Computing Toolkit\CUDA\v6.5\include"  -G   --keep-dir Debug -maxrregcount=0  --machine 32 --compile -cudart static  -g   -D_MBCS -Xcompiler "/EHsc /W3 /nologo /Od /Zi /RTC1 /MDd  " -o Debug\prefix_sum.cu.obj "C:\Users\Paula\Documents\PENN\CIS565_GPU\Project2-StreamCompaction\Project-2\Project-2\prefix_sum.cu" 
         prefix_sum.cu
     1>C:/Users/Paula/Documents/PENN/CIS565_GPU/Project2-StreamCompaction/Project-2/Project-2/prefix_sum.cu(107): warning C4244: '=' : conversion from 'int' to 'float', possible loss of data
     1>C:/Users/Paula/Documents/PENN/CIS565_GPU/Project2-StreamCompaction/Project-2/Project-2/prefix_sum.cu(108): warning C4244: '=' : conversion from 'int' to 'float', possible loss of data
       ClCompile:
         All outputs are up-to-date.
         c:\Program Files (x86)\Microsoft Visual Studio 10.0\VC\bin\CL.exe /c /Icudart.lib /ZI /nologo /W3 /WX- /Od /Oy- /D _MBCS /Gm /EHsc /RTC1 /MDd /GS /fp:precise /Zc:wchar_t /Zc:forScope /Fo"Debug\\" /Fd"Debug\vc100.pdb" /Gd /TP /analyze- /errorReport:prompt main.cpp
         main.cpp
     1>c:\users\paula\documents\penn\cis565_gpu\project2-streamcompaction\project-2\project-2\main.cpp(12): warning C4018: '<=' : signed/unsigned mismatch
     1>c:\users\paula\documents\penn\cis565_gpu\project2-streamcompaction\project-2\project-2\main.cpp(32): warning C4018: '<' : signed/unsigned mismatch
       Link:
         c:\Program Files (x86)\Microsoft Visual Studio 10.0\VC\bin\link.exe /ERRORREPORT:PROMPT /OUT:"C:\Users\Paula\Documents\PENN\CIS565_GPU\Project2-StreamCompaction\Project-2\Debug\Project-2.exe" /NOLOGO /LIBPATH:../../common/lib /LIBPATH:"C:\Program Files\NVIDIA GPU Computing Toolkit\CUDA\v6.5\lib\Win32" kernel32.lib user32.lib gdi32.lib winspool.lib comdlg32.lib advapi32.lib shell32.lib ole32.lib oleaut32.lib uuid.lib odbc32.lib odbccp32.lib /MANIFEST /ManifestFile:"Debug\Project-2.exe.intermediate.manifest" /MANIFESTUAC:"level='asInvoker' uiAccess='false'" /DEBUG /PDB:"C:\Users\Paula\Documents\PENN\CIS565_GPU\Project2-StreamCompaction\Project-2\Debug\Project-2.pdb" /TLBID:1 /DYNAMICBASE /NXCOMPAT /IMPLIB:"C:\Users\Paula\Documents\PENN\CIS565_GPU\Project2-StreamCompaction\Project-2\Debug\Project-2.lib" /MACHINE:X86 Debug\prefix_sum.cu.obj
         Debug\main.obj
         LINK : C:\Users\Paula\Documents\PENN\CIS565_GPU\Project2-StreamCompaction\Project-2\Debug\Project-2.exe not found or not built by the last incremental link; performing full link
     1>main.obj : error LNK2005: _main already defined in prefix_sum.cu.obj
     1>prefix_sum.cu.obj : error LNK2019: unresolved external symbol _cudaFree@4 referenced in function _main
     1>prefix_sum.cu.obj : error LNK2019: unresolved external symbol _cudaConfigureCall@32 referenced in function _main
     1>prefix_sum.cu.obj : error LNK2019: unresolved external symbol _cudaMemcpy@16 referenced in function _main
     1>prefix_sum.cu.obj : error LNK2019: unresolved external symbol _cudaMalloc@8 referenced in function _main
     1>prefix_sum.cu.obj : error LNK2019: unresolved external symbol _cudaSetupArgument@12 referenced in function "void __cdecl __device_stub__Z14MatrixAdditionPfS_S_(float *,float *,float *)" (?__device_stub__Z14MatrixAdditionPfS_S_@@YAXPAM00@Z)
     1>prefix_sum.cu.obj : error LNK2019: unresolved external symbol ___cudaRegisterFatBinary@4 referenced in function "void __cdecl __sti____cudaRegisterAll_45_tmpxft_000231ec_00000000_5_prefix_sum_cpp1_ii_69f63f56(void)" (?__sti____cudaRegisterAll_45_tmpxft_000231ec_00000000_5_prefix_sum_cpp1_ii_69f63f56@@YAXXZ)
     1>prefix_sum.cu.obj : error LNK2019: unresolved external symbol ___cudaUnregisterFatBinary@4 referenced in function "void __cdecl __cudaUnregisterBinaryUtil(void)" (?__cudaUnregisterBinaryUtil@@YAXXZ)
     1>prefix_sum.cu.obj : error LNK2019: unresolved external symbol ___cudaRegisterFunction@40 referenced in function "void __cdecl __nv_cudaEntityRegisterCallback(void * *)" (?__nv_cudaEntityRegisterCallback@@YAXPAPAX@Z)
     1>prefix_sum.cu.obj : error LNK2019: unresolved external symbol _cudaLaunch@4 referenced in function "enum cudaError __cdecl _GLOBAL__N__45_tmpxft_000231ec_00000000_5_prefix_sum_cpp1_ii_69f63f56::cudaLaunch<char>(char *)" (??$cudaLaunch@D@_GLOBAL__N__45_tmpxft_000231ec_00000000_5_prefix_sum_cpp1_ii_69f63f56@@YA?AW4cudaError@@PAD@Z)
     1>C:\Users\Paula\Documents\PENN\CIS565_GPU\Project2-StreamCompaction\Project-2\Debug\Project-2.exe : fatal error LNK1120: 9 unresolved externals
     1>Done Building Project "C:\Users\Paula\Documents\PENN\CIS565_GPU\Project2-StreamCompaction\Project-2\Project-2\Project-2.vcxproj" (build target(s)) -- FAILED.

Build FAILED.

Time Elapsed 00:00:09.00
